[2023-06-03 10:44:17] production.ERROR: Illuminate\Contracts\Filesystem\FileNotFoundException: File does not exist at path /var/www/html/storage/debugbar/X2b82064926ced7a8a4fca415dfcce6a6.json. in /var/www/html/vendor/laravel/framework/src/Illuminate/Filesystem/Filesystem.php:57
Stack trace:
#0 /var/www/html/extensions/igniter/debugbar/vendor/barryvdh/laravel-debugbar/src/Storage/FilesystemStorage.php(84): Illuminate\Filesystem\Filesystem->get()
#1 /var/www/html/extensions/igniter/debugbar/vendor/maximebf/debugbar/src/DebugBar/OpenHandler.php(106): Barryvdh\Debugbar\Storage\FilesystemStorage->get()
#2 [internal function]: DebugBar\OpenHandler->get()
#3 /var/www/html/extensions/igniter/debugbar/vendor/maximebf/debugbar/src/DebugBar/OpenHandler.php(61): call_user_func()
#4 /var/www/html/extensions/igniter/debugbar/vendor/barryvdh/laravel-debugbar/src/Controllers/OpenHandlerController.php(15): DebugBar\OpenHandler->handle()
#5 /var/www/html/vendor/laravel/framework/src/Illuminate/Routing/Controller.php(54): Barryvdh\Debugbar\Controllers\OpenHandlerController->handle()
#6 /var/www/html/vendor/laravel/framework/src/Illuminate/Routing/ControllerDispatcher.php(45): Illuminate\Routing\Controller->callAction()
#7 /var/www/html/vendor/laravel/framework/src/Illuminate/Routing/Route.php(262): Illuminate\Routing\ControllerDispatcher->dispatch()
#8 /var/www/html/vendor/laravel/framework/src/Illuminate/Routing/Route.php(205): Illuminate\Routing\Route->runController()
#9 /var/www/html/vendor/laravel/framework/src/Illuminate/Routing/Router.php(721): Illuminate\Routing\Route->run()
#10 /var/www/html/vendor/laravel/framework/src/Illuminate/Pipeline/Pipeline.php(128): Illuminate\Routing\Router->Illuminate\Routing\{closure}()
#11 /var/www/html/extensions/igniter/debugbar/vendor/barryvdh/laravel-debugbar/src/Controllers/BaseController.php(29): Illuminate\Pipeline\Pipeline->Illuminate\Pipeline\{closure}()
#12 /var/www/html/vendor/laravel/framework/src/Illuminate/Pipeline/Pipeline.php(149): Barryvdh\Debugbar\Controllers\BaseController->Barryvdh\Debugbar\Controllers\{closure}()
#13 /var/www/html/extensions/igniter/debugbar/vendor/barryvdh/laravel-debugbar/src/Middleware/DebugbarEnabled.php(41): Illuminate\Pipeline\Pipeline->Illuminate\Pipeline\{closure}()
#14 /var/www/html/vendor/laravel/framework/src/Illuminate/Pipeline/Pipeline.php(167): Barryvdh\Debugbar\Middleware\DebugbarEnabled->handle()
#15 /var/www/html/vendor/laravel/framework/src/Illuminate/Pipeline/Pipeline.php(103): Illuminate\Pipeline\Pipeline->Illuminate\Pipeline\{closure}()
#16 /var/www/html/vendor/laravel/framework/src/Illuminate/Routing/Router.php(723): Illuminate\Pipeline\Pipeline->then()
#17 /var/www/html/vendor/laravel/framework/src/Illuminate/Routing/Router.php(698): Illuminate\Routing\Router->runRouteWithinStack()
#18 /var/www/html/vendor/laravel/framework/src/Illuminate/Routing/Router.php(662): Illuminate\Routing\Router->runRoute()
#19 /var/www/html/vendor/tastyigniter/flame/src/Router/CoreRouter.php(22): Illuminate\Routing\Router->dispatchToRoute()
#20 /var/www/html/vendor/laravel/framework/src/Illuminate/Foundation/Http/Kernel.php(167): Igniter\Flame\Router\CoreRouter->dispatch()
#21 /var/www/html/vendor/laravel/framework/src/Illuminate/Pipeline/Pipeline.php(128): Illuminate\Foundation\Http\Kernel->Illuminate\Foundation\Http\{closure}()
#22 /var/www/html/extensions/igniter/debugbar/vendor/barryvdh/laravel-debugbar/src/Middleware/InjectDebugbar.php(66): Illuminate\Pipeline\Pipeline->Illuminate\Pipeline\{closure}()
#23 /var/www/html/vendor/laravel/framework/src/Illuminate/Pipeline/Pipeline.php(167): Barryvdh\Debugbar\Middleware\InjectDebugbar->handle()
#24 /var/www/html/vendor/tastyigniter/flame/src/Setting/Middleware/SaveSetting.php(27): Illuminate\Pipeline\Pipeline->Illuminate\Pipeline\{closure}()
#25 /var/www/html/vendor/laravel/framework/src/Illuminate/Pipeline/Pipeline.php(167): Igniter\Flame\Setting\Middleware\SaveSetting->handle()
#26 /var/www/html/vendor/laravel/framework/src/Illuminate/Foundation/Http/Middleware/TransformsRequest.php(21): Illuminate\Pipeline\Pipeline->Illuminate\Pipeline\{closure}()
#27 /var/www/html/vendor/laravel/framework/src/Illuminate/Foundation/Http/Middleware/TrimStrings.php(40): Illuminate\Foundation\Http\Middleware\TransformsRequest->handle()
#28 /var/www/html/vendor/laravel/framework/src/Illuminate/Pipeline/Pipeline.php(167): Illuminate\Foundation\Http\Middleware\TrimStrings->handle()
#29 /var/www/html/vendor/laravel/framework/src/Illuminate/Foundation/Http/Middleware/ValidatePostSize.php(27): Illuminate\Pipeline\Pipeline->Illuminate\Pipeline\{closure}()
#30 /var/www/html/vendor/laravel/framework/src/Illuminate/Pipeline/Pipeline.php(167): Illuminate\Foundation\Http\Middleware\ValidatePostSize->handle()
#31 /var/www/html/vendor/laravel/framework/src/Illuminate/Foundation/Http/Middleware/PreventRequestsDuringMaintenance.php(86): Illuminate\Pipeline\Pipeline->Illuminate\Pipeline\{closure}()
#32 /var/www/html/vendor/laravel/framework/src/Illuminate/Pipeline/Pipeline.php(167): Illuminate\Foundation\Http\Middleware\PreventRequestsDuringMaintenance->handle()
#33 /var/www/html/vendor/fruitcake/laravel-cors/src/HandleCors.php(38): Illuminate\Pipeline\Pipeline->Illuminate\Pipeline\{closure}()
#34 /var/www/html/vendor/laravel/framework/src/Illuminate/Pipeline/Pipeline.php(167): Fruitcake\Cors\HandleCors->handle()
#35 /var/www/html/vendor/fideloper/proxy/src/TrustProxies.php(57): Illuminate\Pipeline\Pipeline->Illuminate\Pipeline\{closure}()
#36 /var/www/html/vendor/laravel/framework/src/Illuminate/Pipeline/Pipeline.php(167): Fideloper\Proxy\TrustProxies->handle()
#37 /var/www/html/extensions/igniter/api/vendor/dingo/api/src/Http/Middleware/Request.php(111): Illuminate\Pipeline\Pipeline->Illuminate\Pipeline\{closure}()
#38 /var/www/html/vendor/laravel/framework/src/Illuminate/Pipeline/Pipeline.php(167): Dingo\Api\Http\Middleware\Request->handle()
#39 /var/www/html/vendor/laravel/framework/src/Illuminate/Pipeline/Pipeline.php(103): Illuminate\Pipeline\Pipeline->Illuminate\Pipeline\{closure}()
#40 /var/www/html/vendor/laravel/framework/src/Illuminate/Foundation/Http/Kernel.php(142): Illuminate\Pipeline\Pipeline->then()
#41 /var/www/html/vendor/laravel/framework/src/Illuminate/Foundation/Http/Kernel.php(111): Illuminate\Foundation\Http\Kernel->sendRequestThroughRouter()
#42 /var/www/html/index.php(53): Illuminate\Foundation\Http\Kernel->handle()
#43 {main}  
[2023-06-03 10:44:47] production.ERROR: Illuminate\Contracts\Filesystem\FileNotFoundException: File does not exist at path /var/www/html/storage/debugbar/X5e77a32a88634906571514b7ad7bea23.json. in /var/www/html/vendor/laravel/framework/src/Illuminate/Filesystem/Filesystem.php:57
Stack trace:
#0 /var/www/html/extensions/igniter/debugbar/vendor/barryvdh/laravel-debugbar/src/Storage/FilesystemStorage.php(84): Illuminate\Filesystem\Filesystem->get()
#1 /var/www/html/extensions/igniter/debugbar/vendor/maximebf/debugbar/src/DebugBar/OpenHandler.php(106): Barryvdh\Debugbar\Storage\FilesystemStorage->get()
#2 [internal function]: DebugBar\OpenHandler->get()
#3 /var/www/html/extensions/igniter/debugbar/vendor/maximebf/debugbar/src/DebugBar/OpenHandler.php(61): call_user_func()
#4 /var/www/html/extensions/igniter/debugbar/vendor/barryvdh/laravel-debugbar/src/Controllers/OpenHandlerController.php(15): DebugBar\OpenHandler->handle()
#5 /var/www/html/vendor/laravel/framework/src/Illuminate/Routing/Controller.php(54): Barryvdh\Debugbar\Controllers\OpenHandlerController->handle()
#6 /var/www/html/vendor/laravel/framework/src/Illuminate/Routing/ControllerDispatcher.php(45): Illuminate\Routing\Controller->callAction()
#7 /var/www/html/vendor/laravel/framework/src/Illuminate/Routing/Route.php(262): Illuminate\Routing\ControllerDispatcher->dispatch()
#8 /var/www/html/vendor/laravel/framework/src/Illuminate/Routing/Route.php(205): Illuminate\Routing\Route->runController()
#9 /var/www/html/vendor/laravel/framework/src/Illuminate/Routing/Router.php(721): Illuminate\Routing\Route->run()
#10 /var/www/html/vendor/laravel/framework/src/Illuminate/Pipeline/Pipeline.php(128): Illuminate\Routing\Router->Illuminate\Routing\{closure}()
#11 /var/www/html/extensions/igniter/debugbar/vendor/barryvdh/laravel-debugbar/src/Controllers/BaseController.php(29): Illuminate\Pipeline\Pipeline->Illuminate\Pipeline\{closure}()
#12 /var/www/html/vendor/laravel/framework/src/Illuminate/Pipeline/Pipeline.php(149): Barryvdh\Debugbar\Controllers\BaseController->Barryvdh\Debugbar\Controllers\{closure}()
#13 /var/www/html/extensions/igniter/debugbar/vendor/barryvdh/laravel-debugbar/src/Middleware/DebugbarEnabled.php(41): Illuminate\Pipeline\Pipeline->Illuminate\Pipeline\{closure}()
#14 /var/www/html/vendor/laravel/framework/src/Illuminate/Pipeline/Pipeline.php(167): Barryvdh\Debugbar\Middleware\DebugbarEnabled->handle()
#15 /var/www/html/vendor/laravel/framework/src/Illuminate/Pipeline/Pipeline.php(103): Illuminate\Pipeline\Pipeline->Illuminate\Pipeline\{closure}()
#16 /var/www/html/vendor/laravel/framework/src/Illuminate/Routing/Router.php(723): Illuminate\Pipeline\Pipeline->then()
#17 /var/www/html/vendor/laravel/framework/src/Illuminate/Routing/Router.php(698): Illuminate\Routing\Router->runRouteWithinStack()
#18 /var/www/html/vendor/laravel/framework/src/Illuminate/Routing/Router.php(662): Illuminate\Routing\Router->runRoute()
#19 /var/www/html/vendor/tastyigniter/flame/src/Router/CoreRouter.php(22): Illuminate\Routing\Router->dispatchToRoute()
#20 /var/www/html/vendor/laravel/framework/src/Illuminate/Foundation/Http/Kernel.php(167): Igniter\Flame\Router\CoreRouter->dispatch()
#21 /var/www/html/vendor/laravel/framework/src/Illuminate/Pipeline/Pipeline.php(128): Illuminate\Foundation\Http\Kernel->Illuminate\Foundation\Http\{closure}()
#22 /var/www/html/extensions/igniter/debugbar/vendor/barryvdh/laravel-debugbar/src/Middleware/InjectDebugbar.php(66): Illuminate\Pipeline\Pipeline->Illuminate\Pipeline\{closure}()
#23 /var/www/html/vendor/laravel/framework/src/Illuminate/Pipeline/Pipeline.php(167): Barryvdh\Debugbar\Middleware\InjectDebugbar->handle()
#24 /var/www/html/vendor/tastyigniter/flame/src/Setting/Middleware/SaveSetting.php(27): Illuminate\Pipeline\Pipeline->Illuminate\Pipeline\{closure}()
#25 /var/www/html/vendor/laravel/framework/src/Illuminate/Pipeline/Pipeline.php(167): Igniter\Flame\Setting\Middleware\SaveSetting->handle()
#26 /var/www/html/vendor/laravel/framework/src/Illuminate/Foundation/Http/Middleware/TransformsRequest.php(21): Illuminate\Pipeline\Pipeline->Illuminate\Pipeline\{closure}()
#27 /var/www/html/vendor/laravel/framework/src/Illuminate/Foundation/Http/Middleware/TrimStrings.php(40): Illuminate\Foundation\Http\Middleware\TransformsRequest->handle()
#28 /var/www/html/vendor/laravel/framework/src/Illuminate/Pipeline/Pipeline.php(167): Illuminate\Foundation\Http\Middleware\TrimStrings->handle()
#29 /var/www/html/vendor/laravel/framework/src/Illuminate/Foundation/Http/Middleware/ValidatePostSize.php(27): Illuminate\Pipeline\Pipeline->Illuminate\Pipeline\{closure}()
#30 /var/www/html/vendor/laravel/framework/src/Illuminate/Pipeline/Pipeline.php(167): Illuminate\Foundation\Http\Middleware\ValidatePostSize->handle()
#31 /var/www/html/vendor/laravel/framework/src/Illuminate/Foundation/Http/Middleware/PreventRequestsDuringMaintenance.php(86): Illuminate\Pipeline\Pipeline->Illuminate\Pipeline\{closure}()
#32 /var/www/html/vendor/laravel/framework/src/Illuminate/Pipeline/Pipeline.php(167): Illuminate\Foundation\Http\Middleware\PreventRequestsDuringMaintenance->handle()
#33 /var/www/html/vendor/fruitcake/laravel-cors/src/HandleCors.php(38): Illuminate\Pipeline\Pipeline->Illuminate\Pipeline\{closure}()
#34 /var/www/html/vendor/laravel/framework/src/Illuminate/Pipeline/Pipeline.php(167): Fruitcake\Cors\HandleCors->handle()
#35 /var/www/html/vendor/fideloper/proxy/src/TrustProxies.php(57): Illuminate\Pipeline\Pipeline->Illuminate\Pipeline\{closure}()
#36 /var/www/html/vendor/laravel/framework/src/Illuminate/Pipeline/Pipeline.php(167): Fideloper\Proxy\TrustProxies->handle()
#37 /var/www/html/extensions/igniter/api/vendor/dingo/api/src/Http/Middleware/Request.php(111): Illuminate\Pipeline\Pipeline->Illuminate\Pipeline\{closure}()
#38 /var/www/html/vendor/laravel/framework/src/Illuminate/Pipeline/Pipeline.php(167): Dingo\Api\Http\Middleware\Request->handle()
#39 /var/www/html/vendor/laravel/framework/src/Illuminate/Pipeline/Pipeline.php(103): Illuminate\Pipeline\Pipeline->Illuminate\Pipeline\{closure}()
#40 /var/www/html/vendor/laravel/framework/src/Illuminate/Foundation/Http/Kernel.php(142): Illuminate\Pipeline\Pipeline->then()
#41 /var/www/html/vendor/laravel/framework/src/Illuminate/Foundation/Http/Kernel.php(111): Illuminate\Foundation\Http\Kernel->sendRequestThroughRouter()
#42 /var/www/html/index.php(53): Illuminate\Foundation\Http\Kernel->handle()
#43 {main}  
[2023-06-03 10:46:24] production.ERROR: Provider "Open street maps" could not geocode address, "The geocoder server returned an empty or invalid response.".  
[2023-06-03 17:07:56] production.ERROR: UnexpectedValueException: FilesystemIterator::__construct(/var/www/html/assets/media/attachments/public/647/b10/f20/): Failed to open directory: No such file or directory in /var/www/html/vendor/tastyigniter/flame/src/Database/Attach/Media.php:453
Stack trace:
#0 /var/www/html/vendor/tastyigniter/flame/src/Database/Attach/Media.php(453): FilesystemIterator->__construct()
#1 /var/www/html/vendor/tastyigniter/flame/src/Database/Attach/Media.php(426): Igniter\Flame\Database\Attach\Media->isDirectoryEmpty()
#2 /var/www/html/vendor/tastyigniter/flame/src/Database/Attach/Media.php(415): Igniter\Flame\Database\Attach\Media->deleteEmptyDirectory()
#3 /var/www/html/vendor/tastyigniter/flame/src/Database/Attach/Media.php(182): Igniter\Flame\Database\Attach\Media->deleteFile()
#4 /var/www/html/vendor/tastyigniter/flame/src/Database/Model.php(192): Igniter\Flame\Database\Attach\Media->afterDelete()
#5 /var/www/html/vendor/laravel/framework/src/Illuminate/Events/Dispatcher.php(404): Igniter\Flame\Database\Model->Igniter\Flame\Database\{closure}()
#6 /var/www/html/vendor/laravel/framework/src/Illuminate/Events/Dispatcher.php(249): Illuminate\Events\Dispatcher->Illuminate\Events\{closure}()
#7 /var/www/html/vendor/laravel/framework/src/Illuminate/Database/Eloquent/Concerns/HasEvents.php(189): Illuminate\Events\Dispatcher->dispatch()
#8 /var/www/html/vendor/laravel/framework/src/Illuminate/Database/Eloquent/Model.php(1267): Illuminate\Database\Eloquent\Model->fireModelEvent()
#9 /var/www/html/vendor/tastyigniter/flame/src/Database/Attach/HasMedia.php(219): Illuminate\Database\Eloquent\Model->delete()
#10 /var/www/html/app/admin/formwidgets/MediaFinder.php(224): Igniter\Frontend\Models\Slider->deleteMedia()
#11 [internal function]: Admin\FormWidgets\MediaFinder->onRemoveAttachment()
#12 /var/www/html/app/admin/classes/AdminController.php(474): call_user_func_array()
#13 /var/www/html/app/admin/classes/AdminController.php(344): Admin\Classes\AdminController->runHandler()
#14 /var/www/html/app/admin/classes/AdminController.php(223): Admin\Classes\AdminController->processHandlers()
#15 /var/www/html/app/system/classes/Controller.php(115): Admin\Classes\AdminController->remap()
#16 /var/www/html/vendor/laravel/framework/src/Illuminate/Routing/Controller.php(54): System\Classes\Controller->runAdmin()
#17 /var/www/html/vendor/laravel/framework/src/Illuminate/Routing/ControllerDispatcher.php(45): Illuminate\Routing\Controller->callAction()
#18 /var/www/html/vendor/laravel/framework/src/Illuminate/Routing/Route.php(262): Illuminate\Routing\ControllerDispatcher->dispatch()
#19 /var/www/html/vendor/laravel/framework/src/Illuminate/Routing/Route.php(205): Illuminate\Routing\Route->runController()
#20 /var/www/html/vendor/laravel/framework/src/Illuminate/Routing/Router.php(721): Illuminate\Routing\Route->run()
#21 /var/www/html/vendor/laravel/framework/src/Illuminate/Pipeline/Pipeline.php(128): Illuminate\Routing\Router->Illuminate\Routing\{closure}()
#22 /var/www/html/app/admin/middleware/LogUserLastSeen.php(23): Illuminate\Pipeline\Pipeline->Illuminate\Pipeline\{closure}()
#23 /var/www/html/vendor/laravel/framework/src/Illuminate/Pipeline/Pipeline.php(167): Admin\Middleware\LogUserLastSeen->handle()
#24 /var/www/html/vendor/tastyigniter/flame/src/Translation/Middleware/Localization.php(27): Illuminate\Pipeline\Pipeline->Illuminate\Pipeline\{closure}()
#25 /var/www/html/vendor/laravel/framework/src/Illuminate/Pipeline/Pipeline.php(167): Igniter\Flame\Translation\Middleware\Localization->handle()
#26 /var/www/html/vendor/laravel/framework/src/Illuminate/Routing/Middleware/SubstituteBindings.php(50): Illuminate\Pipeline\Pipeline->Illuminate\Pipeline\{closure}()
#27 /var/www/html/vendor/laravel/framework/src/Illuminate/Pipeline/Pipeline.php(167): Illuminate\Routing\Middleware\SubstituteBindings->handle()
#28 /var/www/html/vendor/laravel/framework/src/Illuminate/View/Middleware/ShareErrorsFromSession.php(49): Illuminate\Pipeline\Pipeline->Illuminate\Pipeline\{closure}()
#29 /var/www/html/vendor/laravel/framework/src/Illuminate/Pipeline/Pipeline.php(167): Illuminate\View\Middleware\ShareErrorsFromSession->handle()
#30 /var/www/html/vendor/laravel/framework/src/Illuminate/Session/Middleware/StartSession.php(121): Illuminate\Pipeline\Pipeline->Illuminate\Pipeline\{closure}()
#31 /var/www/html/vendor/laravel/framework/src/Illuminate/Session/Middleware/StartSession.php(64): Illuminate\Session\Middleware\StartSession->handleStatefulRequest()
#32 /var/www/html/vendor/laravel/framework/src/Illuminate/Pipeline/Pipeline.php(167): Illuminate\Session\Middleware\StartSession->handle()
#33 /var/www/html/vendor/laravel/framework/src/Illuminate/Cookie/Middleware/AddQueuedCookiesToResponse.php(37): Illuminate\Pipeline\Pipeline->Illuminate\Pipeline\{closure}()
#34 /var/www/html/vendor/laravel/framework/src/Illuminate/Pipeline/Pipeline.php(167): Illuminate\Cookie\Middleware\AddQueuedCookiesToResponse->handle()
#35 /var/www/html/vendor/laravel/framework/src/Illuminate/Cookie/Middleware/EncryptCookies.php(67): Illuminate\Pipeline\Pipeline->Illuminate\Pipeline\{closure}()
#36 /var/www/html/vendor/laravel/framework/src/Illuminate/Pipeline/Pipeline.php(167): Illuminate\Cookie\Middleware\EncryptCookies->handle()
#37 /var/www/html/vendor/laravel/framework/src/Illuminate/Pipeline/Pipeline.php(103): Illuminate\Pipeline\Pipeline->Illuminate\Pipeline\{closure}()
#38 /var/www/html/vendor/laravel/framework/src/Illuminate/Routing/Router.php(723): Illuminate\Pipeline\Pipeline->then()
#39 /var/www/html/vendor/laravel/framework/src/Illuminate/Routing/Router.php(698): Illuminate\Routing\Router->runRouteWithinStack()
#40 /var/www/html/vendor/laravel/framework/src/Illuminate/Routing/Router.php(662): Illuminate\Routing\Router->runRoute()
#41 /var/www/html/vendor/tastyigniter/flame/src/Router/CoreRouter.php(22): Illuminate\Routing\Router->dispatchToRoute()
#42 /var/www/html/vendor/laravel/framework/src/Illuminate/Foundation/Http/Kernel.php(167): Igniter\Flame\Router\CoreRouter->dispatch()
#43 /var/www/html/vendor/laravel/framework/src/Illuminate/Pipeline/Pipeline.php(128): Illuminate\Foundation\Http\Kernel->Illuminate\Foundation\Http\{closure}()
#44 /var/www/html/vendor/tastyigniter/flame/src/Setting/Middleware/SaveSetting.php(27): Illuminate\Pipeline\Pipeline->Illuminate\Pipeline\{closure}()
#45 /var/www/html/vendor/laravel/framework/src/Illuminate/Pipeline/Pipeline.php(167): Igniter\Flame\Setting\Middleware\SaveSetting->handle()
#46 /var/www/html/vendor/laravel/framework/src/Illuminate/Foundation/Http/Middleware/TransformsRequest.php(21): Illuminate\Pipeline\Pipeline->Illuminate\Pipeline\{closure}()
#47 /var/www/html/vendor/laravel/framework/src/Illuminate/Foundation/Http/Middleware/TrimStrings.php(40): Illuminate\Foundation\Http\Middleware\TransformsRequest->handle()
#48 /var/www/html/vendor/laravel/framework/src/Illuminate/Pipeline/Pipeline.php(167): Illuminate\Foundation\Http\Middleware\TrimStrings->handle()
#49 /var/www/html/vendor/laravel/framework/src/Illuminate/Foundation/Http/Middleware/ValidatePostSize.php(27): Illuminate\Pipeline\Pipeline->Illuminate\Pipeline\{closure}()
#50 /var/www/html/vendor/laravel/framework/src/Illuminate/Pipeline/Pipeline.php(167): Illuminate\Foundation\Http\Middleware\ValidatePostSize->handle()
#51 /var/www/html/vendor/laravel/framework/src/Illuminate/Foundation/Http/Middleware/PreventRequestsDuringMaintenance.php(86): Illuminate\Pipeline\Pipeline->Illuminate\Pipeline\{closure}()
#52 /var/www/html/vendor/laravel/framework/src/Illuminate/Pipeline/Pipeline.php(167): Illuminate\Foundation\Http\Middleware\PreventRequestsDuringMaintenance->handle()
#53 /var/www/html/vendor/fruitcake/laravel-cors/src/HandleCors.php(38): Illuminate\Pipeline\Pipeline->Illuminate\Pipeline\{closure}()
#54 /var/www/html/vendor/laravel/framework/src/Illuminate/Pipeline/Pipeline.php(167): Fruitcake\Cors\HandleCors->handle()
#55 /var/www/html/vendor/fideloper/proxy/src/TrustProxies.php(57): Illuminate\Pipeline\Pipeline->Illuminate\Pipeline\{closure}()
#56 /var/www/html/vendor/laravel/framework/src/Illuminate/Pipeline/Pipeline.php(167): Fideloper\Proxy\TrustProxies->handle()
#57 /var/www/html/extensions/igniter/api/vendor/dingo/api/src/Http/Middleware/Request.php(111): Illuminate\Pipeline\Pipeline->Illuminate\Pipeline\{closure}()
#58 /var/www/html/vendor/laravel/framework/src/Illuminate/Pipeline/Pipeline.php(167): Dingo\Api\Http\Middleware\Request->handle()
#59 /var/www/html/vendor/laravel/framework/src/Illuminate/Pipeline/Pipeline.php(103): Illuminate\Pipeline\Pipeline->Illuminate\Pipeline\{closure}()
#60 /var/www/html/vendor/laravel/framework/src/Illuminate/Foundation/Http/Kernel.php(142): Illuminate\Pipeline\Pipeline->then()
#61 /var/www/html/vendor/laravel/framework/src/Illuminate/Foundation/Http/Kernel.php(111): Illuminate\Foundation\Http\Kernel->sendRequestThroughRouter()
#62 /var/www/html/index.php(53): Illuminate\Foundation\Http\Kernel->handle()
#63 {main}  
[2023-06-03 17:12:09] production.ERROR: Provider "Open street maps" could not geocode address, "The geocoder server returned an empty or invalid response.".  
[2023-06-03 17:12:09] production.ERROR: Provider "Open street maps" could not geocode address, "The geocoder server returned an empty or invalid response.".  
[2023-06-03 17:21:21] production.ERROR: Provider "Google Maps" could not reverse coordinates "-6.195403 106.771844": API access denied. Message: You must use an API key to authenticate each request to Google Maps Platform APIs. For additional information, please refer to http://g.co/dev/maps-no-account  
[2023-06-03 17:21:22] production.ERROR: Provider "Google Maps" could not reverse coordinates "-6.195403 106.771844": API access denied. Message: You must use an API key to authenticate each request to Google Maps Platform APIs. For additional information, please refer to http://g.co/dev/maps-no-account  
[2023-06-03 17:47:13] production.ERROR: Provider "Google Maps" could not reverse coordinates "-6.195403 106.771844": API access denied. Message: You must use an API key to authenticate each request to Google Maps Platform APIs. For additional information, please refer to http://g.co/dev/maps-no-account  
[2023-06-03 17:49:00] production.ERROR: Provider "Google Maps" could not reverse coordinates "-6.195403 106.771844": API access denied. Message: You must use an API key to authenticate each request to Google Maps Platform APIs. For additional information, please refer to http://g.co/dev/maps-no-account  
